<?xml version="1.0" encoding="UTF-8"?>
<testng-results ignored="0" total="1" passed="1" failed="0" skipped="0">
  <reporter-output>
  </reporter-output>
  <suite started-at="2024-03-27T22:27:48 IST" name="Default suite" finished-at="2024-03-27T22:27:53 IST" duration-ms="4630">
    <groups>
    </groups>
    <test started-at="2024-03-27T22:27:48 IST" name="Default test" finished-at="2024-03-27T22:27:53 IST" duration-ms="4630">
      <class name="Jenkins.Jenkins.SauceDemoLoginTest">
        <test-method is-config="true" signature="setUp()[pri:0, instance:Jenkins.Jenkins.SauceDemoLoginTest@42a48628]" started-at="2024-03-27T22:27:48 IST" name="setUp" finished-at="2024-03-27T22:27:50 IST" duration-ms="1884" status="PASS">
          <reporter-output>
          </reporter-output>
        </test-method> <!-- setUp -->
        <test-method signature="validateLogin(java.lang.String,java.lang.String)[pri:0, instance:Jenkins.Jenkins.SauceDemoLoginTest@42a48628]" started-at="2024-03-27T22:27:50 IST" name="validateLogin" data-provider="testdata" finished-at="2024-03-27T22:27:52 IST" duration-ms="1379" status="PASS">
          <params>
            <param index="0">
              <value>
                <![CDATA[error_user]]>
              </value>
            </param>
            <param index="1">
              <value>
                <![CDATA[secret_sauce]]>
              </value>
            </param>
          </params>
          <reporter-output>
          </reporter-output>
        </test-method> <!-- validateLogin -->
        <test-method is-config="true" signature="tearDown()[pri:0, instance:Jenkins.Jenkins.SauceDemoLoginTest@42a48628]" started-at="2024-03-27T22:27:52 IST" name="tearDown" finished-at="2024-03-27T22:27:53 IST" duration-ms="1292" status="PASS">
          <reporter-output>
          </reporter-output>
        </test-method> <!-- tearDown -->
      </class> <!-- Jenkins.Jenkins.SauceDemoLoginTest -->
    </test> <!-- Default test -->
  </suite> <!-- Default suite -->
</testng-results>
